\BOOKMARK [0][-]{chapter.1}{\376\377\000u\000S\000p\000e\000e\000c\000h\000\040\000l\000i\000b\000r\000a\000r\000y}{}% 1
\BOOKMARK [0][-]{chapter.2}{\376\377\000C\000l\000a\000s\000s\000\040\000I\000n\000d\000e\000x}{}% 2
\BOOKMARK [1][-]{section.2.1}{\376\377\000C\000l\000a\000s\000s\000\040\000L\000i\000s\000t}{chapter.2}% 3
\BOOKMARK [0][-]{chapter.3}{\376\377\000C\000l\000a\000s\000s\000\040\000D\000o\000c\000u\000m\000e\000n\000t\000a\000t\000i\000o\000n}{}% 4
\BOOKMARK [1][-]{section.3.1}{\376\377\000s\000i\000g\000n\000a\000l\000\040\000C\000l\000a\000s\000s\000\040\000R\000e\000f\000e\000r\000e\000n\000c\000e}{chapter.3}% 5
\BOOKMARK [2][-]{subsection.3.1.1}{\376\377\000D\000e\000t\000a\000i\000l\000e\000d\000\040\000D\000e\000s\000c\000r\000i\000p\000t\000i\000o\000n}{section.3.1}% 6
\BOOKMARK [2][-]{subsection.3.1.2}{\376\377\000C\000o\000n\000s\000t\000r\000u\000c\000t\000o\000r\000\040\000\046\000\040\000D\000e\000s\000t\000r\000u\000c\000t\000o\000r\000\040\000D\000o\000c\000u\000m\000e\000n\000t\000a\000t\000i\000o\000n}{section.3.1}% 7
\BOOKMARK [3][-]{subsubsection.3.1.2.1}{\376\377\000s\000i\000g\000n\000a\000l}{subsection.3.1.2}% 8
\BOOKMARK [2][-]{subsection.3.1.3}{\376\377\000M\000e\000m\000b\000e\000r\000\040\000F\000u\000n\000c\000t\000i\000o\000n\000\040\000D\000o\000c\000u\000m\000e\000n\000t\000a\000t\000i\000o\000n}{section.3.1}% 9
\BOOKMARK [3][-]{subsubsection.3.1.3.1}{\376\377\000c\000a\000l\000i\000b\000r\000a\000t\000e}{subsection.3.1.3}% 10
\BOOKMARK [3][-]{subsubsection.3.1.3.2}{\376\377\000c\000o\000m\000p\000l\000e\000x\000i\000t\000y}{subsection.3.1.3}% 11
\BOOKMARK [3][-]{subsubsection.3.1.3.3}{\376\377\000g\000e\000t\000P\000h\000o\000n\000e\000m\000e}{subsection.3.1.3}% 12
\BOOKMARK [3][-]{subsubsection.3.1.3.4}{\376\377\000m\000a\000x\000P\000o\000w\000e\000r}{subsection.3.1.3}% 13
\BOOKMARK [3][-]{subsubsection.3.1.3.5}{\376\377\000p\000o\000w\000e\000r}{subsection.3.1.3}% 14
\BOOKMARK [3][-]{subsubsection.3.1.3.6}{\376\377\000s\000a\000m\000p\000l\000e}{subsection.3.1.3}% 15
\BOOKMARK [2][-]{subsection.3.1.4}{\376\377\000M\000e\000m\000b\000e\000r\000\040\000D\000a\000t\000a\000\040\000D\000o\000c\000u\000m\000e\000n\000t\000a\000t\000i\000o\000n}{section.3.1}% 16
\BOOKMARK [3][-]{subsubsection.3.1.4.1}{\376\377\000a\000c\000o\000n\000s\000t\000a\000n\000t}{subsection.3.1.4}% 17
\BOOKMARK [3][-]{subsubsection.3.1.4.2}{\376\377\000a\000m\000p\000l\000i\000f\000i\000c\000a\000t\000i\000o\000n\000F\000a\000c\000t\000o\000r}{subsection.3.1.4}% 18
\BOOKMARK [3][-]{subsubsection.3.1.4.3}{\376\377\000a\000r\000r}{subsection.3.1.4}% 19
\BOOKMARK [3][-]{subsubsection.3.1.4.4}{\376\377\000e\000c\000o\000n\000s\000t\000a\000n\000t}{subsection.3.1.4}% 20
\BOOKMARK [3][-]{subsubsection.3.1.4.5}{\376\377\000f\000\137\000e\000n\000a\000b\000l\000e\000d}{subsection.3.1.4}% 21
\BOOKMARK [3][-]{subsubsection.3.1.4.6}{\376\377\000f\000c\000o\000n\000s\000t\000a\000n\000t}{subsection.3.1.4}% 22
\BOOKMARK [3][-]{subsubsection.3.1.4.7}{\376\377\000m\000i\000n\000V\000o\000l\000u\000m\000e}{subsection.3.1.4}% 23
\BOOKMARK [3][-]{subsubsection.3.1.4.8}{\376\377\000s\000h\000c\000o\000n\000s\000t\000a\000n\000t}{subsection.3.1.4}% 24
\BOOKMARK [3][-]{subsubsection.3.1.4.9}{\376\377\000v\000c\000o\000n\000s\000t\000a\000n\000t}{subsection.3.1.4}% 25
\BOOKMARK [1][-]{section.3.2}{\376\377\000s\000y\000l\000l\000a\000b\000l\000e\000\040\000C\000l\000a\000s\000s\000\040\000R\000e\000f\000e\000r\000e\000n\000c\000e}{chapter.3}% 26
\BOOKMARK [2][-]{subsection.3.2.1}{\376\377\000D\000e\000t\000a\000i\000l\000e\000d\000\040\000D\000e\000s\000c\000r\000i\000p\000t\000i\000o\000n}{section.3.2}% 27
\BOOKMARK [-1][-]{section*.10}{\376\377\000I\000n\000d\000e\000x}{}% 28
